<?xml version="1.0" encoding="UTF-8"?>
<testsuite name="edu.vt.ece.spin.CLHLockTest" tests="1" skipped="0" failures="0" errors="0" timestamp="2024-11-02T16:00:15" hostname="HP_PAVILION" time="0.032">
  <properties/>
  <testcase name="testParallel" classname="edu.vt.ece.spin.CLHLockTest" time="0.032"/>
  <system-out><![CDATA[]]></system-out>
  <system-err><![CDATA[]]></system-err>
</testsuite>
